<?xml version="1.0" encoding="UTF-8"?>
<!-- Generated by org.testng.reporters.JUnitXMLReporter -->
<testsuite hostname="DDC2-D-42S6N62" ignored="3" tests="0" failures="0" timestamp="19 Jul 2019 12:04:59 GMT" time="0.052" errors="0">
  <testcase name="tmethod1" time="0.0" classname="demo2.demo2.excercise1">
    <ignored/>
  </testcase> <!-- tmethod1 -->
  <testcase name="tmethod5" time="0.0" classname="demo2.demo2.excercise1">
    <ignored/>
  </testcase> <!-- tmethod5 -->
  <testcase name="tmethod2" time="0.0" classname="demo2.demo2.excercise1">
    <ignored/>
  </testcase> <!-- tmethod2 -->
</testsuite>
