<?xml version="1.0" encoding="UTF-8"?>
<!-- Generated by org.testng.reporters.JUnitXMLReporter -->
<testsuite hostname="DDC2-D-42S6N62" ignored="0" name="Test" tests="6" failures="0" timestamp="19 Jul 2019 09:32:30 GMT" time="0.106" errors="0">
  <testcase name="method1" time="0.024" classname="pack1.demo5handson1"/>
  <testcase name="method2" time="0.003" classname="pack1.demo5handson1"/>
  <testcase name="method3" time="0.006" classname="pack1.demo5handson1"/>
  <testcase name="method4" time="0.002" classname="pack1.demo5handson2"/>
  <testcase name="method5" time="0.003" classname="pack1.demo5handson2"/>
  <testcase name="method6" time="0.003" classname="pack1.demo5handson2"/>
</testsuite> <!-- Test -->
