<?xml version="1.0" encoding="UTF-8"?>
<!-- Generated by org.testng.reporters.JUnitXMLReporter -->
<testsuite hostname="DDC2-D-42S6N62" ignored="0" name="Default test" tests="3" failures="0" timestamp="23 Jul 2019 06:11:25 GMT" time="37.919" errors="0">
  <testcase name="Login" time="8.794" classname="casepack.scenario1"/>
  <testcase name="testCart" time="2.541" classname="casepack.scenario1"/>
  <testcase name="testpayment" time="5.49" classname="casepack.scenario1"/>
</testsuite> <!-- Default test -->
