<?xml version="1.0" encoding="UTF-8"?>
<testng-results skipped="0" failed="0" ignored="0" total="3" passed="3">
  <reporter-output>
  </reporter-output>
  <suite name="Default suite" duration-ms="37919" started-at="2019-07-23T06:10:47Z" finished-at="2019-07-23T06:11:25Z">
    <groups>
    </groups>
    <test name="Default test" duration-ms="37919" started-at="2019-07-23T06:10:47Z" finished-at="2019-07-23T06:11:25Z">
      <class name="casepack.scenario1">
        <test-method status="PASS" signature="startReport()[pri:0, instance:casepack.scenario1@464bee09]" name="startReport" is-config="true" duration-ms="260" started-at="2019-07-23T06:10:47Z" finished-at="2019-07-23T06:10:48Z">
          <reporter-output>
          </reporter-output>
        </test-method> <!-- startReport -->
        <test-method status="PASS" signature="Beforeclass()[pri:0, instance:casepack.scenario1@464bee09]" name="Beforeclass" is-config="true" duration-ms="20182" started-at="2019-07-23T06:10:48Z" finished-at="2019-07-23T06:11:08Z">
          <reporter-output>
          </reporter-output>
        </test-method> <!-- Beforeclass -->
        <test-method status="PASS" signature="Login()[pri:1, instance:casepack.scenario1@464bee09]" name="Login" duration-ms="8794" started-at="2019-07-23T06:11:08Z" finished-at="2019-07-23T06:11:17Z">
          <reporter-output>
          </reporter-output>
        </test-method> <!-- Login -->
        <test-method status="PASS" signature="getResult(org.testng.ITestResult)[pri:0, instance:casepack.scenario1@464bee09]" name="getResult" is-config="true" duration-ms="15" started-at="2019-07-23T06:11:17Z" finished-at="2019-07-23T06:11:17Z">
          <params>
            <param index="0">
              <value>
                <![CDATA[[TestResult name=Login status=SUCCESS method=scenario1.Login()[pri:1, instance:casepack.scenario1@464bee09] output={null}]]]>
              </value>
            </param>
          </params>
          <reporter-output>
          </reporter-output>
        </test-method> <!-- getResult -->
        <test-method status="PASS" signature="testCart()[pri:2, instance:casepack.scenario1@464bee09]" name="testCart" duration-ms="2541" started-at="2019-07-23T06:11:17Z" finished-at="2019-07-23T06:11:19Z">
          <reporter-output>
          </reporter-output>
        </test-method> <!-- testCart -->
        <test-method status="PASS" signature="getResult(org.testng.ITestResult)[pri:0, instance:casepack.scenario1@464bee09]" name="getResult" is-config="true" duration-ms="1" started-at="2019-07-23T06:11:19Z" finished-at="2019-07-23T06:11:19Z">
          <params>
            <param index="0">
              <value>
                <![CDATA[[TestResult name=testCart status=SUCCESS method=scenario1.testCart()[pri:2, instance:casepack.scenario1@464bee09] output={null}]]]>
              </value>
            </param>
          </params>
          <reporter-output>
          </reporter-output>
        </test-method> <!-- getResult -->
        <test-method status="PASS" signature="testpayment()[pri:3, instance:casepack.scenario1@464bee09]" name="testpayment" duration-ms="5490" started-at="2019-07-23T06:11:19Z" finished-at="2019-07-23T06:11:25Z">
          <reporter-output>
          </reporter-output>
        </test-method> <!-- testpayment -->
        <test-method status="PASS" signature="getResult(org.testng.ITestResult)[pri:0, instance:casepack.scenario1@464bee09]" name="getResult" is-config="true" duration-ms="2" started-at="2019-07-23T06:11:25Z" finished-at="2019-07-23T06:11:25Z">
          <params>
            <param index="0">
              <value>
                <![CDATA[[TestResult name=testpayment status=SUCCESS method=scenario1.testpayment()[pri:3, instance:casepack.scenario1@464bee09] output={null}]]]>
              </value>
            </param>
          </params>
          <reporter-output>
          </reporter-output>
        </test-method> <!-- getResult -->
        <test-method status="PASS" signature="testlogout()[pri:0, instance:casepack.scenario1@464bee09]" name="testlogout" is-config="true" duration-ms="593" started-at="2019-07-23T06:11:25Z" finished-at="2019-07-23T06:11:25Z">
          <reporter-output>
          </reporter-output>
        </test-method> <!-- testlogout -->
      </class> <!-- casepack.scenario1 -->
    </test> <!-- Default test -->
  </suite> <!-- Default suite -->
</testng-results>
